autoscan: warning: missing AC_CHECK_FUNCS([memset]) wanted by: 
	src/tmrm_list.c:65
	swig/libtmrm_wrap.c:670
	utils/tmrm_lexer.c:1520
	utils/tmrm_lexer.c:1539
autoscan: warning: missing AC_CHECK_FUNCS([strdup]) wanted by: 
	utils/tmrm.l:106
	utils/tmrm_lexer.c:868
autoscan: warning: missing AC_CHECK_FUNCS([strstr]) wanted by: 
	swig/libtmrm_wrap.c:2041
	swig/libtmrm_wrap.c:5301
autoscan: warning: missing AC_CHECK_FUNCS([strtol]) wanted by: 
	src/tmrm_hash.c:1594
autoscan: warning: missing AC_CHECK_HEADERS([libintl.h]) wanted by: 
	utils/y.tab.c:206
autoscan: warning: missing AC_CHECK_HEADERS([limits.h]) wanted by: 
	src/tmrm_internal.h:63
autoscan: warning: missing AC_CHECK_HEADERS([malloc.h]) wanted by: 
	utils/y.tab.c:253
autoscan: warning: missing AC_CHECK_HEADERS([stddef.h]) wanted by: 
	utils/y.tab.c:194
autoscan: warning: missing AC_CHECK_HEADERS([sys/param.h]) wanted by: 
	lookup3.c:41
autoscan: warning: missing AC_FUNC_ALLOCA wanted by: 
	utils/y.tab.c:249
autoscan: warning: missing AC_FUNC_REALLOC wanted by: 
	utils/tmrm_lexer.c:1825
autoscan: warning: missing AC_HEADER_STDBOOL wanted by: 
	swig/libtmrm_wrap.c:876
	swig/libtmrm_wrap.c:884
	swig/libtmrm_wrap.c:879
	swig/libtmrm_wrap.c:887
	swig/libtmrm_wrap.c:880
	swig/libtmrm_wrap.c:888
autoscan: warning: missing AC_PROG_CXX wanted by: 
	ltmain.sh:677
	ltmain.sh:1015
	ltmain.sh:1022
	ltmain.sh:1022
	ltmain.sh:1022
	ltmain.sh:1022
	ltmain.sh:1031
	ltmain.sh:1037
	ltmain.sh:1037
	ltmain.sh:1037
	ltmain.sh:1037
autoscan: warning: missing AC_PROG_LEX wanted by: 
	tags.sh:5
	utils/Makefile:1
	utils/Makefile:1
autoscan: warning: missing AC_PROG_RANLIB wanted by: 
	ltmain.sh:1601
autoscan: warning: missing AC_PROG_YACC wanted by: 
	utils/Makefile:2
	utils/Makefile:2
autoscan: warning: missing AC_TYPE_INT16_T wanted by: 
	utils/tmrm_lexer.c:46
	utils/tmrm_lexer.h:50
autoscan: warning: missing AC_TYPE_INT32_T wanted by: 
	utils/tmrm_lexer.c:48
	utils/tmrm_lexer.h:52
autoscan: warning: missing AC_TYPE_INT8_T wanted by: 
	utils/tmrm_lexer.c:44
	utils/tmrm_lexer.h:48
autoscan: warning: missing AC_TYPE_SIZE_T wanted by: 
	lookup3.c:175
	lookup3.c:219
	lookup3.c:282
	lookup3.c:285
	lookup3.c:464
	lookup3.c:469
	lookup3.c:644
	lookup3.c:647
	src/tmrm_hash.c:166
	src/tmrm_hash.c:1162
	src/tmrm_hash.c:1214
	src/tmrm_hash.c:1264
	src/tmrm_hash.c:1318
	src/tmrm_hash.c:1320
	src/tmrm_hash_internal.h:44
	src/tmrm_hash_internal.h:51
	src/tmrm_hash_internal.h:73
	src/tmrm_hash_internal.h:76
	src/tmrm_hash_memory.c:55
	src/tmrm_hash_memory.c:64
	src/tmrm_hash_memory.c:104
	src/tmrm_hash_memory.c:185
	src/tmrm_internal.h:190
	src/tmrm_storage_internal.h:60
	src/tmrm_storage_pgsql.c:373
	src/tmrm_storage_pgsql.c:410
	src/tmrm_storage_pgsql.c:463
	src/tmrm_storage_pgsql.c:490
	src/tmrm_storage_pgsql.c:625
	src/tmrm_storage_pgsql.c:683
	src/tmrm_storage_pgsql.c:748
	src/tmrm_storage_pgsql.c:810
	src/tmrm_storage_pgsql.c:827
	src/tmrm_storage_pgsql.c:859
	src/tmrm_storage_pgsql.c:963
	src/tmrm_storage_pgsql.c:1006
	src/tmrm_storage_pgsql.c:1033
	src/tmrm_storage_pgsql.c:1059
	src/tmrm_storage_pgsql.c:1077
	src/tmrm_storage_pgsql.c:1095
	src/tmrm_storage_pgsql.c:1113
	src/tmrm_storage_pgsql.c:1175
	src/tmrm_tuple.c:56
	src/tmrm_tuple.h:58
	swig/libtmrm_wrap.c:324
	swig/libtmrm_wrap.c:516
	swig/libtmrm_wrap.c:517
	swig/libtmrm_wrap.c:520
	swig/libtmrm_wrap.c:567
	swig/libtmrm_wrap.c:584
	swig/libtmrm_wrap.c:600
	swig/libtmrm_wrap.c:628
	swig/libtmrm_wrap.c:652
	swig/libtmrm_wrap.c:652
	swig/libtmrm_wrap.c:654
	swig/libtmrm_wrap.c:667
	swig/libtmrm_wrap.c:1693
	swig/libtmrm_wrap.c:1735
	swig/libtmrm_wrap.c:1736
	swig/libtmrm_wrap.c:1836
	swig/libtmrm_wrap.c:1855
	swig/libtmrm_wrap.c:2060
	swig/libtmrm_wrap.c:2207
	swig/libtmrm_wrap.c:2275
	swig/libtmrm_wrap.c:2523
	swig/libtmrm_wrap.c:2578
	swig/libtmrm_wrap.c:4905
	swig/libtmrm_wrap.c:5049
	swig/libtmrm_wrap.c:5242
	swig/libtmrm_wrap.c:5269
	swig/libtmrm_wrap.c:5298
	swig/libtmrm_wrap.c:5313
	swig/libtmrm_wrap.c:5315
	swig/libtmrm_wrap.c:5316
	utils/tmrm_lexer.c:257
	utils/tmrm_lexer.c:258
	utils/tmrm_lexer.c:365
	utils/tmrm_lexer.c:636
	utils/y.tab.c:190
autoscan: warning: missing AC_TYPE_UINT16_T wanted by: 
	lookup3.c:358
	lookup3.c:358
	lookup3.c:543
	lookup3.c:543
	utils/tmrm_lexer.c:47
	utils/tmrm_lexer.h:51
autoscan: warning: missing AC_TYPE_UINT32_T wanted by: 
	lookup3.c:173
	lookup3.c:174
	lookup3.c:176
	lookup3.c:178
	lookup3.c:181
	lookup3.c:218
	lookup3.c:220
	lookup3.c:221
	lookup3.c:223
	lookup3.c:226
	lookup3.c:282
	lookup3.c:282
	lookup3.c:284
	lookup3.c:288
	lookup3.c:292
	lookup3.c:292
	lookup3.c:341
	lookup3.c:342
	lookup3.c:345
	lookup3.c:346
	lookup3.c:349
	lookup3.c:350
	lookup3.c:364
	lookup3.c:365
	lookup3.c:366
	lookup3.c:376
	lookup3.c:377
	lookup3.c:378
	lookup3.c:380
	lookup3.c:382
	lookup3.c:383
	lookup3.c:386
	lookup3.c:387
	lookup3.c:389
	lookup3.c:391
	lookup3.c:394
	lookup3.c:396
	lookup3.c:411
	lookup3.c:412
	lookup3.c:413
	lookup3.c:415
	lookup3.c:416
	lookup3.c:417
	lookup3.c:419
	lookup3.c:420
	lookup3.c:421
	lookup3.c:430
	lookup3.c:431
	lookup3.c:432
	lookup3.c:434
	lookup3.c:435
	lookup3.c:436
	lookup3.c:438
	lookup3.c:439
	lookup3.c:440
	lookup3.c:465
	lookup3.c:466
	lookup3.c:468
	lookup3.c:472
	lookup3.c:477
	lookup3.c:477
	lookup3.c:526
	lookup3.c:527
	lookup3.c:530
	lookup3.c:531
	lookup3.c:534
	lookup3.c:535
	lookup3.c:549
	lookup3.c:550
	lookup3.c:551
	lookup3.c:561
	lookup3.c:562
	lookup3.c:563
	lookup3.c:565
	lookup3.c:567
	lookup3.c:568
	lookup3.c:571
	lookup3.c:572
	lookup3.c:574
	lookup3.c:576
	lookup3.c:579
	lookup3.c:581
	lookup3.c:596
	lookup3.c:597
	lookup3.c:598
	lookup3.c:600
	lookup3.c:601
	lookup3.c:602
	lookup3.c:604
	lookup3.c:605
	lookup3.c:606
	lookup3.c:615
	lookup3.c:616
	lookup3.c:617
	lookup3.c:619
	lookup3.c:620
	lookup3.c:621
	lookup3.c:623
	lookup3.c:624
	lookup3.c:625
	lookup3.c:644
	lookup3.c:644
	lookup3.c:646
	lookup3.c:650
	lookup3.c:654
	lookup3.c:654
	lookup3.c:703
	lookup3.c:704
	lookup3.c:705
	lookup3.c:707
	lookup3.c:708
	lookup3.c:709
	lookup3.c:711
	lookup3.c:712
	lookup3.c:713
	lookup3.c:725
	lookup3.c:726
	lookup3.c:727
	lookup3.c:728
	lookup3.c:729
	lookup3.c:730
	lookup3.c:731
	lookup3.c:732
	lookup3.c:733
	lookup3.c:734
	lookup3.c:735
	lookup3.c:736
	lookup3.c:746
	lookup3.c:747
	lookup3.c:748
	lookup3.c:750
	lookup3.c:751
	lookup3.c:752
	lookup3.c:754
	lookup3.c:755
	lookup3.c:756
	lookup3.c:773
	lookup3.c:774
	lookup3.c:795
	lookup3.c:796
	lookup3.c:797
	lookup3.c:798
	lookup3.c:811
	lookup3.c:816
	lookup3.c:865
	lookup3.c:867
	lookup3.c:869
	lookup3.c:871
	lookup3.c:873
	lookup3.c:878
	lookup3.c:879
	lookup3.c:880
	lookup3.c:938
	lookup3.c:941
	lookup3.c:942
	lookup3.c:956
	utils/tmrm_lexer.c:49
	utils/tmrm_lexer.h:53
autoscan: warning: missing AC_TYPE_UINT8_T wanted by: 
	lookup3.c:293
	lookup3.c:337
	lookup3.c:359
	lookup3.c:373
	lookup3.c:405
	lookup3.c:405
	lookup3.c:478
	lookup3.c:522
	lookup3.c:544
	lookup3.c:558
	lookup3.c:590
	lookup3.c:590
	lookup3.c:655
	lookup3.c:699
	lookup3.c:720
	lookup3.c:720
	lookup3.c:772
	lookup3.c:794
	lookup3.c:818
	lookup3.c:864
	lookup3.c:866
	lookup3.c:868
	lookup3.c:870
	lookup3.c:872
	lookup3.c:874
	lookup3.c:939
	lookup3.c:940
	lookup3.c:955
	utils/tmrm_lexer.c:45
	utils/tmrm_lexer.h:49
