This file contains any messages produced by compilers while
running configure, to aid debugging if configure makes a mistake.

It was created by libtmrm configure 0.0.3, which was
generated by GNU Autoconf 2.63.  Invocation command line was

  $ ./configure --with-bdb-lib=/opt/local/lib/db44 --with-bdb-include=/opt/local/include/db44 --with-postgresql=yes --with-yaml=/opt/local --enable-ltdl-install --no-create --no-recursion

## --------- ##
## Platform. ##
## --------- ##

hostname = Jans-MacBook-5.local
uname -m = i386
uname -r = 9.6.0
uname -s = Darwin
uname -v = Darwin Kernel Version 9.6.0: Mon Nov 24 17:37:00 PST 2008; root:xnu-1228.9.59~1/RELEASE_I386

/usr/bin/uname -p = i386
/bin/uname -X     = unknown

/bin/arch              = unknown
/usr/bin/arch -k       = unknown
/usr/convex/getsysinfo = unknown
/usr/bin/hostinfo      = Mach kernel version:
	 Darwin Kernel Version 9.6.0: Mon Nov 24 17:37:00 PST 2008; root:xnu-1228.9.59~1/RELEASE_I386
Kernel configured for up to 2 processors.
2 processors are physically available.
2 processors are logically available.
Processor type: i486 (Intel 80486)
Processors active: 0 1
Primary memory available: 4.00 gigabytes
Default processor set: 105 tasks, 375 threads, 2 processors
Load average: 0.85, Mach factor: 1.16
/bin/machine           = unknown
/usr/bin/oslevel       = unknown
/bin/universe          = unknown

PATH: /opt/local/bin
PATH: /opt/local/sbin
PATH: /opt/local/lib/postgresql83/bin
PATH: /usr/bin
PATH: /bin
PATH: /usr/sbin
PATH: /sbin
PATH: /usr/local/bin
PATH: /usr/X11/bin


## ----------- ##
## Core tests. ##
## ----------- ##

configure:2130: checking for a BSD-compatible install
configure:2198: result: /opt/local/bin/ginstall -c
configure:2209: checking whether build environment is sane
configure:2252: result: yes
configure:2277: checking for a thread-safe mkdir -p
configure:2316: result: /opt/local/bin/gmkdir -p
configure:2329: checking for gawk
configure:2345: found /opt/local/bin/gawk
configure:2356: result: gawk
configure:2367: checking whether make sets $(MAKE)
configure:2389: result: yes
configure:2576: checking whether to enable maintainer-specific portions of Makefiles
configure:2585: result: no
configure:2605: checking build system type
configure:2623: result: i386-apple-darwin9.6.0
configure:2645: checking host system type
configure:2660: result: i386-apple-darwin9.6.0
configure:2738: checking for style of include used by make
configure:2766: result: GNU
configure:2836: checking for gcc
configure:2852: found /usr/bin/gcc
configure:2863: result: gcc
configure:3095: checking for C compiler version
configure:3103: gcc --version >&5
i686-apple-darwin9-gcc-4.0.1 (GCC) 4.0.1 (Apple Inc. build 5490)
Copyright (C) 2005 Free Software Foundation, Inc.
This is free software; see the source for copying conditions.  There is NO
warranty; not even for MERCHANTABILITY or FITNESS FOR A PARTICULAR PURPOSE.

configure:3107: $? = 0
configure:3114: gcc -v >&5
Using built-in specs.
Target: i686-apple-darwin9
Configured with: /var/tmp/gcc/gcc-5490~1/src/configure --disable-checking -enable-werror --prefix=/usr --mandir=/share/man --enable-languages=c,objc,c++,obj-c++ --program-transform-name=/^[cg][^.-]*$/s/$/-4.0/ --with-gxx-include-dir=/include/c++/4.0.0 --with-slibdir=/usr/lib --build=i686-apple-darwin9 --with-arch=apple --with-tune=generic --host=i686-apple-darwin9 --target=i686-apple-darwin9
Thread model: posix
gcc version 4.0.1 (Apple Inc. build 5490)
configure:3118: $? = 0
configure:3125: gcc -V >&5
gcc-4.0: argument to `-V' is missing
configure:3129: $? = 1
configure:3152: checking for C compiler default output file name
configure:3174: gcc    conftest.c  >&5
configure:3178: $? = 0
configure:3216: result: a.out
configure:3235: checking whether the C compiler works
configure:3245: ./a.out
configure:3249: $? = 0
configure:3268: result: yes
configure:3275: checking whether we are cross compiling
configure:3277: result: no
configure:3280: checking for suffix of executables
configure:3287: gcc -o conftest    conftest.c  >&5
configure:3291: $? = 0
configure:3317: result: 
configure:3323: checking for suffix of object files
configure:3349: gcc -c   conftest.c >&5
configure:3353: $? = 0
configure:3378: result: o
configure:3382: checking whether we are using the GNU C compiler
configure:3411: gcc -c   conftest.c >&5
configure:3418: $? = 0
configure:3435: result: yes
configure:3444: checking whether gcc accepts -g
configure:3474: gcc -c -g  conftest.c >&5
configure:3481: $? = 0
configure:3582: result: yes
configure:3599: checking for gcc option to accept ISO C89
configure:3673: gcc  -c -g -O2  conftest.c >&5
configure:3680: $? = 0
configure:3703: result: none needed
configure:3723: checking dependency style of gcc
configure:3814: result: gcc3
configure:3833: checking whether gcc and cc understand -c and -o together
configure:3868: gcc -c conftest.c -o conftest2.o >&5
configure:3872: $? = 0
configure:3878: gcc -c conftest.c -o conftest2.o >&5
configure:3882: $? = 0
configure:3893: cc -c conftest.c >&5
configure:3897: $? = 0
configure:3905: cc -c conftest.c -o conftest2.o >&5
configure:3909: $? = 0
configure:3915: cc -c conftest.c -o conftest2.o >&5
configure:3919: $? = 0
configure:3937: result: yes
configure:3964: checking whether build environment is sane
configure:4007: result: yes
configure:4023: checking for a BSD-compatible install
configure:4091: result: /opt/local/bin/ginstall -c
configure:4102: checking whether ln -s works
configure:4106: result: yes
configure:4113: checking whether make sets $(MAKE)
configure:4135: result: yes
configure:4296: checking for a sed that does not truncate output
configure:4362: result: /usr/bin/sed
configure:4380: checking for grep that handles long lines and -e
configure:4440: result: /usr/bin/grep
configure:4445: checking for egrep
configure:4509: result: /usr/bin/grep -E
configure:4514: checking for fgrep
configure:4578: result: /usr/bin/grep -F
configure:4613: checking for ld used by gcc
configure:4680: result: /usr/libexec/gcc/i686-apple-darwin9/4.0.1/ld
configure:4689: checking if the linker (/usr/libexec/gcc/i686-apple-darwin9/4.0.1/ld) is GNU ld
configure:4704: result: no
configure:4716: checking for BSD- or MS-compatible name lister (nm)
configure:4765: result: /usr/bin/nm -p
configure:4883: checking the name lister (/usr/bin/nm -p) interface
configure:4890: gcc -c -g -O2  conftest.c >&5
configure:4893: /usr/bin/nm -p "conftest.o"
configure:4896: output
00000160 D _some_variable
configure:4903: result: BSD nm
configure:4907: checking the maximum length of command line arguments
configure:5027: result: 196608
configure:5044: checking whether the shell understands some XSI constructs
configure:5054: result: yes
configure:5058: checking whether the shell understands "+="
configure:5064: result: yes
configure:5099: checking for /usr/libexec/gcc/i686-apple-darwin9/4.0.1/ld option to reload object files
configure:5106: result: -r
configure:5175: checking for objdump
configure:5205: result: no
configure:5234: checking how to recognize dependent libraries
configure:5430: result: pass_all
configure:5490: checking for ar
configure:5506: found /usr/bin/ar
configure:5517: result: ar
configure:5595: checking for strip
configure:5611: found /usr/bin/strip
configure:5622: result: strip
configure:5694: checking for ranlib
configure:5710: found /usr/bin/ranlib
configure:5721: result: ranlib
configure:5811: checking command to parse /usr/bin/nm -p output from gcc object
configure:5929: gcc -c -g -O2  conftest.c >&5
configure:5932: $? = 0
configure:5936: /usr/bin/nm -p conftest.o \| sed -n -e 's/^.*[	 ]\([BCDEGRST][BCDEGRST]*\)[	 ][	 ]*\([_A-Za-z][_A-Za-z0-9]*\)$/\1 \2 \2/p' \> conftest.nm
configure:5939: $? = 0
cannot find nm_test_var in conftest.nm
configure:5929: gcc -c -g -O2  conftest.c >&5
configure:5932: $? = 0
configure:5936: /usr/bin/nm -p conftest.o \| sed -n -e 's/^.*[	 ]\([BCDEGRST][BCDEGRST]*\)[	 ][	 ]*_\([_A-Za-z][_A-Za-z0-9]*\)$/\1 _\2 \2/p' \> conftest.nm
configure:5939: $? = 0
configure:5993: gcc -o conftest -g -O2   conftest.c conftstm.o >&5
configure:5996: $? = 0
configure:6034: result: ok
configure:6327: checking for dsymutil
configure:6343: found /usr/bin/dsymutil
configure:6354: result: dsymutil
configure:6419: checking for nmedit
configure:6435: found /usr/bin/nmedit
configure:6446: result: nmedit
configure:6511: checking for lipo
configure:6527: found /usr/bin/lipo
configure:6538: result: lipo
configure:6603: checking for otool
configure:6619: found /usr/bin/otool
configure:6630: result: otool
configure:6695: checking for otool64
configure:6725: result: no
configure:6770: checking for -single_module linker flag
gcc -g -O2  -o libconftest.dylib -dynamiclib -Wl,-single_module conftest.c
configure:6797: result: yes
configure:6799: checking for -exported_symbols_list linker flag
configure:6829: gcc -o conftest -g -O2   -Wl,-exported_symbols_list,conftest.sym conftest.c  >&5
configure:6836: $? = 0
configure:6858: result: yes
configure:6900: checking how to run the C preprocessor
configure:6940: gcc -E  conftest.c
configure:6947: $? = 0
configure:6978: gcc -E  conftest.c
conftest.c:10:28: error: ac_nonexistent.h: No such file or directory
configure:6985: $? = 1
configure: failed program was:
| /* confdefs.h.  */
| #define PACKAGE_NAME "libtmrm"
| #define PACKAGE_TARNAME "libtmrm"
| #define PACKAGE_VERSION "0.0.3"
| #define PACKAGE_STRING "libtmrm 0.0.3"
| #define PACKAGE_BUGREPORT "jans@ravn.no"
| #define PACKAGE "libtmrm"
| #define VERSION "0.0.3"
| /* end confdefs.h.  */
| #include <ac_nonexistent.h>
configure:7018: result: gcc -E
configure:7047: gcc -E  conftest.c
configure:7054: $? = 0
configure:7085: gcc -E  conftest.c
conftest.c:10:28: error: ac_nonexistent.h: No such file or directory
configure:7092: $? = 1
configure: failed program was:
| /* confdefs.h.  */
| #define PACKAGE_NAME "libtmrm"
| #define PACKAGE_TARNAME "libtmrm"
| #define PACKAGE_VERSION "0.0.3"
| #define PACKAGE_STRING "libtmrm 0.0.3"
| #define PACKAGE_BUGREPORT "jans@ravn.no"
| #define PACKAGE "libtmrm"
| #define VERSION "0.0.3"
| /* end confdefs.h.  */
| #include <ac_nonexistent.h>
configure:7132: checking for ANSI C header files
configure:7162: gcc -c -g -O2  conftest.c >&5
configure:7169: $? = 0
configure:7268: gcc -o conftest -g -O2   conftest.c  >&5
configure:7272: $? = 0
configure:7278: ./conftest
configure:7282: $? = 0
configure:7300: result: yes
configure:7324: checking for sys/types.h
configure:7345: gcc -c -g -O2  conftest.c >&5
configure:7352: $? = 0
configure:7369: result: yes
configure:7324: checking for sys/stat.h
configure:7345: gcc -c -g -O2  conftest.c >&5
configure:7352: $? = 0
configure:7369: result: yes
configure:7324: checking for stdlib.h
configure:7345: gcc -c -g -O2  conftest.c >&5
configure:7352: $? = 0
configure:7369: result: yes
configure:7324: checking for string.h
configure:7345: gcc -c -g -O2  conftest.c >&5
configure:7352: $? = 0
configure:7369: result: yes
configure:7324: checking for memory.h
configure:7345: gcc -c -g -O2  conftest.c >&5
configure:7352: $? = 0
configure:7369: result: yes
configure:7324: checking for strings.h
configure:7345: gcc -c -g -O2  conftest.c >&5
configure:7352: $? = 0
configure:7369: result: yes
configure:7324: checking for inttypes.h
configure:7345: gcc -c -g -O2  conftest.c >&5
configure:7352: $? = 0
configure:7369: result: yes
configure:7324: checking for stdint.h
configure:7345: gcc -c -g -O2  conftest.c >&5
configure:7352: $? = 0
configure:7369: result: yes
configure:7324: checking for unistd.h
configure:7345: gcc -c -g -O2  conftest.c >&5
configure:7352: $? = 0
configure:7369: result: yes
configure:7387: checking for dlfcn.h
configure:7408: gcc -c -g -O2  conftest.c >&5
configure:7415: $? = 0
configure:7432: result: yes
configure:7616: checking for objdir
configure:7631: result: .libs
configure:7923: checking if gcc supports -fno-rtti -fno-exceptions
configure:7941: gcc -c -g -O2  -fno-rtti -fno-exceptions conftest.c >&5
cc1: warning: command line option "-fno-rtti" is valid for C++/ObjC++ but not for C
configure:7945: $? = 0
configure:7958: result: no
configure:7978: checking for gcc option to produce PIC
configure:8250: result: -fno-common -DPIC
configure:8262: checking if gcc PIC flag -fno-common -DPIC works
configure:8280: gcc -c -g -O2  -fno-common -DPIC -DPIC conftest.c >&5
configure:8284: $? = 0
configure:8297: result: yes
configure:8321: checking if gcc static flag -static works
configure:8349: result: no
configure:8364: checking if gcc supports -c -o file.o
configure:8385: gcc -c -g -O2  -o out/conftest2.o conftest.c >&5
configure:8389: $? = 0
configure:8411: result: yes
configure:8419: checking if gcc supports -c -o file.o
configure:8466: result: yes
configure:8499: checking whether the gcc linker (/usr/libexec/gcc/i686-apple-darwin9/4.0.1/ld) supports shared libraries
configure:9573: result: yes
configure:9812: checking dynamic linker characteristics
configure:10495: result: darwin9.6.0 dyld
configure:10597: checking how to hardcode library paths into programs
configure:10622: result: immediate
configure:10667: checking for dlopen in -ldl
configure:10702: gcc -o conftest -g -O2   conftest.c -ldl   >&5
ld: library not found for -ldl
collect2: ld returned 1 exit status
configure:10709: $? = 1
configure: failed program was:
| /* confdefs.h.  */
| #define PACKAGE_NAME "libtmrm"
| #define PACKAGE_TARNAME "libtmrm"
| #define PACKAGE_VERSION "0.0.3"
| #define PACKAGE_STRING "libtmrm 0.0.3"
| #define PACKAGE_BUGREPORT "jans@ravn.no"
| #define PACKAGE "libtmrm"
| #define VERSION "0.0.3"
| #define STDC_HEADERS 1
| #define HAVE_SYS_TYPES_H 1
| #define HAVE_SYS_STAT_H 1
| #define HAVE_STDLIB_H 1
| #define HAVE_STRING_H 1
| #define HAVE_MEMORY_H 1
| #define HAVE_STRINGS_H 1
| #define HAVE_INTTYPES_H 1
| #define HAVE_STDINT_H 1
| #define HAVE_UNISTD_H 1
| #define HAVE_DLFCN_H 1
| #define LT_OBJDIR ".libs/"
| /* end confdefs.h.  */
| 
| /* Override any GCC internal prototype to avoid an error.
|    Use char because int might match the return type of a GCC
|    builtin and then its argument prototype would still apply.  */
| #ifdef __cplusplus
| extern "C"
| #endif
| char dlopen ();
| int
| main ()
| {
| return dlopen ();
|   ;
|   return 0;
| }
configure:10730: result: no
configure:11455: checking whether stripping libraries is possible
configure:11469: result: yes
configure:11495: checking if libtool supports shared libraries
configure:11497: result: yes
configure:11500: checking whether to build shared libraries
configure:11521: result: yes
configure:11524: checking whether to build static libraries
configure:11528: result: yes
configure:11570: checking for gnutar
configure:11586: found /usr/bin/gnutar
configure:11597: result: gnutar
configure:11632: checking for size_t
configure:11660: gcc -c -g -O2  conftest.c >&5
configure:11667: $? = 0
configure:11694: gcc -c -g -O2  conftest.c >&5
conftest.c: In function 'main':
conftest.c:58: error: syntax error before ')' token
configure:11701: $? = 1
configure: failed program was:
| /* confdefs.h.  */
| #define PACKAGE_NAME "libtmrm"
| #define PACKAGE_TARNAME "libtmrm"
| #define PACKAGE_VERSION "0.0.3"
| #define PACKAGE_STRING "libtmrm 0.0.3"
| #define PACKAGE_BUGREPORT "jans@ravn.no"
| #define PACKAGE "libtmrm"
| #define VERSION "0.0.3"
| #define STDC_HEADERS 1
| #define HAVE_SYS_TYPES_H 1
| #define HAVE_SYS_STAT_H 1
| #define HAVE_STDLIB_H 1
| #define HAVE_STRING_H 1
| #define HAVE_MEMORY_H 1
| #define HAVE_STRINGS_H 1
| #define HAVE_INTTYPES_H 1
| #define HAVE_STDINT_H 1
| #define HAVE_UNISTD_H 1
| #define HAVE_DLFCN_H 1
| #define LT_OBJDIR ".libs/"
| /* end confdefs.h.  */
| #include <stdio.h>
| #ifdef HAVE_SYS_TYPES_H
| # include <sys/types.h>
| #endif
| #ifdef HAVE_SYS_STAT_H
| # include <sys/stat.h>
| #endif
| #ifdef STDC_HEADERS
| # include <stdlib.h>
| # include <stddef.h>
| #else
| # ifdef HAVE_STDLIB_H
| #  include <stdlib.h>
| # endif
| #endif
| #ifdef HAVE_STRING_H
| # if !defined STDC_HEADERS && defined HAVE_MEMORY_H
| #  include <memory.h>
| # endif
| # include <string.h>
| #endif
| #ifdef HAVE_STRINGS_H
| # include <strings.h>
| #endif
| #ifdef HAVE_INTTYPES_H
| # include <inttypes.h>
| #endif
| #ifdef HAVE_STDINT_H
| # include <stdint.h>
| #endif
| #ifdef HAVE_UNISTD_H
| # include <unistd.h>
| #endif
| int
| main ()
| {
| if (sizeof ((size_t)))
| 	  return 0;
|   ;
|   return 0;
| }
configure:11724: result: yes
configure:11737: checking for uint32_t
configure:11768: gcc -c -g -O2  conftest.c >&5
configure:11775: $? = 0
configure:11796: result: yes
configure:11870: checking for pkg-config
configure:11888: found /opt/local/bin/pkg-config
configure:11900: result: /opt/local/bin/pkg-config
configure:11925: checking pkg-config is at least version 0.9.0
configure:11928: result: yes
configure:11939: checking for CHECK
configure:11946: $PKG_CONFIG --exists --print-errors "check >= 0.9.4"
configure:11949: $? = 0
configure:11962: $PKG_CONFIG --exists --print-errors "check >= 0.9.4"
configure:11965: $? = 0
configure:12042: result: yes
configure:12048: checking for ANSI C header files
configure:12216: result: yes
configure:12234: checking for memset
configure:12290: gcc -o conftest -g -O2   conftest.c  >&5
conftest.c:46: warning: conflicting types for built-in function 'memset'
configure:12297: $? = 0
configure:12319: result: yes
configure:12336: checking for stdlib.h
configure:12343: result: yes
configure:12482: checking for GNU libc compatible malloc
configure:12516: gcc -o conftest -g -O2   conftest.c  >&5
configure:12520: $? = 0
configure:12526: ./conftest
configure:12530: $? = 0
configure:12547: result: yes
configure:12580: checking for strdup
configure:12636: gcc -o conftest -g -O2   conftest.c  >&5
conftest.c:49: warning: conflicting types for built-in function 'strdup'
configure:12643: $? = 0
configure:12665: result: yes
configure:12683: checking for strstr
configure:12739: gcc -o conftest -g -O2   conftest.c  >&5
conftest.c:50: warning: conflicting types for built-in function 'strstr'
configure:12746: $? = 0
configure:12768: result: yes
configure:12901: checking BDB version
configure:12903: result: unknown
configure:12905: checking location of BDB libs
configure:12907: result: /opt/local/lib/db44
configure:12909: checking location of BDB includes
configure:12911: result: /opt/local/include/db44
configure:12926: WARNING: Cannot find the BDB library name from the files in /opt/local/lib/db44
configure:12928: WARNING: Assuming it is 'db' and will link like -ldb
configure:12930: WARNING: Use --with-bdb-dbname=NAME if this is wrong
configure:12936: checking name of BDB library
configure:12938: result: db
configure:12965: checking db.h usability
configure:12982: gcc -c -g -O2 -I/opt/local/include/db44  conftest.c >&5
configure:12989: $? = 0
configure:13003: result: yes
configure:13007: checking db.h presence
configure:13022: gcc -E -I/opt/local/include/db44  conftest.c
configure:13029: $? = 0
configure:13043: result: yes
configure:13076: checking for db.h
configure:13085: result: yes
configure:13103: checking for BDB V1 dbopen
configure:13127: gcc -o conftest -g -O2 -I/opt/local/include/db44  -L/opt/local/lib/db44  conftest.c -ldb  >&5
ld: library not found for -ldb
collect2: ld returned 1 exit status
configure:13134: $? = 1
configure: failed program was:
| /* confdefs.h.  */
| #define PACKAGE_NAME "libtmrm"
| #define PACKAGE_TARNAME "libtmrm"
| #define PACKAGE_VERSION "0.0.3"
| #define PACKAGE_STRING "libtmrm 0.0.3"
| #define PACKAGE_BUGREPORT "jans@ravn.no"
| #define PACKAGE "libtmrm"
| #define VERSION "0.0.3"
| #define STDC_HEADERS 1
| #define HAVE_SYS_TYPES_H 1
| #define HAVE_SYS_STAT_H 1
| #define HAVE_STDLIB_H 1
| #define HAVE_STRING_H 1
| #define HAVE_MEMORY_H 1
| #define HAVE_STRINGS_H 1
| #define HAVE_INTTYPES_H 1
| #define HAVE_STDINT_H 1
| #define HAVE_UNISTD_H 1
| #define HAVE_DLFCN_H 1
| #define LT_OBJDIR ".libs/"
| #define STDC_HEADERS 1
| #define HAVE_MEMSET 1
| #define HAVE_STDLIB_H 1
| #define HAVE_MALLOC 1
| #define HAVE_STRDUP 1
| #define HAVE_STRSTR 1
| #define HAVE_DB_H 1
| /* end confdefs.h.  */
| #include <stdio.h>
| 		   #include <db.h>
| int
| main ()
| {
| dbopen(NULL, 0, 0, DB_BTREE, NULL);
|   ;
|   return 0;
| }
configure:13157: result: no
configure:13165: checking for BDB V2 db_open
configure:13189: gcc -o conftest -g -O2 -I/opt/local/include/db44  -L/opt/local/lib/db44  conftest.c -ldb  >&5
ld: library not found for -ldb
collect2: ld returned 1 exit status
configure:13196: $? = 1
configure: failed program was:
| /* confdefs.h.  */
| #define PACKAGE_NAME "libtmrm"
| #define PACKAGE_TARNAME "libtmrm"
| #define PACKAGE_VERSION "0.0.3"
| #define PACKAGE_STRING "libtmrm 0.0.3"
| #define PACKAGE_BUGREPORT "jans@ravn.no"
| #define PACKAGE "libtmrm"
| #define VERSION "0.0.3"
| #define STDC_HEADERS 1
| #define HAVE_SYS_TYPES_H 1
| #define HAVE_SYS_STAT_H 1
| #define HAVE_STDLIB_H 1
| #define HAVE_STRING_H 1
| #define HAVE_MEMORY_H 1
| #define HAVE_STRINGS_H 1
| #define HAVE_INTTYPES_H 1
| #define HAVE_STDINT_H 1
| #define HAVE_UNISTD_H 1
| #define HAVE_DLFCN_H 1
| #define LT_OBJDIR ".libs/"
| #define STDC_HEADERS 1
| #define HAVE_MEMSET 1
| #define HAVE_STDLIB_H 1
| #define HAVE_MALLOC 1
| #define HAVE_STRDUP 1
| #define HAVE_STRSTR 1
| #define HAVE_DB_H 1
| /* end confdefs.h.  */
| #include <stdio.h>
| 		   #include <db.h>
| int
| main ()
| {
| db_open(NULL, DB_BTREE, 0, 0, NULL, NULL, NULL);
|   ;
|   return 0;
| }
configure:13216: result: no
configure:13224: checking for BDB V3/V4.x db_create
configure:13248: gcc -o conftest -g -O2 -I/opt/local/include/db44  -L/opt/local/lib/db44  conftest.c -ldb  >&5
ld: library not found for -ldb
collect2: ld returned 1 exit status
configure:13255: $? = 1
configure: failed program was:
| /* confdefs.h.  */
| #define PACKAGE_NAME "libtmrm"
| #define PACKAGE_TARNAME "libtmrm"
| #define PACKAGE_VERSION "0.0.3"
| #define PACKAGE_STRING "libtmrm 0.0.3"
| #define PACKAGE_BUGREPORT "jans@ravn.no"
| #define PACKAGE "libtmrm"
| #define VERSION "0.0.3"
| #define STDC_HEADERS 1
| #define HAVE_SYS_TYPES_H 1
| #define HAVE_SYS_STAT_H 1
| #define HAVE_STDLIB_H 1
| #define HAVE_STRING_H 1
| #define HAVE_MEMORY_H 1
| #define HAVE_STRINGS_H 1
| #define HAVE_INTTYPES_H 1
| #define HAVE_STDINT_H 1
| #define HAVE_UNISTD_H 1
| #define HAVE_DLFCN_H 1
| #define LT_OBJDIR ".libs/"
| #define STDC_HEADERS 1
| #define HAVE_MEMSET 1
| #define HAVE_STDLIB_H 1
| #define HAVE_MALLOC 1
| #define HAVE_STRDUP 1
| #define HAVE_STRSTR 1
| #define HAVE_DB_H 1
| /* end confdefs.h.  */
| #include <stdio.h>
| 		   #include <db.h>
| int
| main ()
| {
| db_create(NULL, NULL, 0);
|   ;
|   return 0;
| }
configure:13275: result: no
configure:13283: checking for BDB V4.0 DB->open with 6 arguments
configure:13307: gcc -o conftest -g -O2 -I/opt/local/include/db44  -L/opt/local/lib/db44  conftest.c -ldb  >&5
conftest.c: In function 'main':
conftest.c:34: error: 'struct __db' has no member named 'open'
configure:13314: $? = 1
configure: failed program was:
| /* confdefs.h.  */
| #define PACKAGE_NAME "libtmrm"
| #define PACKAGE_TARNAME "libtmrm"
| #define PACKAGE_VERSION "0.0.3"
| #define PACKAGE_STRING "libtmrm 0.0.3"
| #define PACKAGE_BUGREPORT "jans@ravn.no"
| #define PACKAGE "libtmrm"
| #define VERSION "0.0.3"
| #define STDC_HEADERS 1
| #define HAVE_SYS_TYPES_H 1
| #define HAVE_SYS_STAT_H 1
| #define HAVE_STDLIB_H 1
| #define HAVE_STRING_H 1
| #define HAVE_MEMORY_H 1
| #define HAVE_STRINGS_H 1
| #define HAVE_INTTYPES_H 1
| #define HAVE_STDINT_H 1
| #define HAVE_UNISTD_H 1
| #define HAVE_DLFCN_H 1
| #define LT_OBJDIR ".libs/"
| #define STDC_HEADERS 1
| #define HAVE_MEMSET 1
| #define HAVE_STDLIB_H 1
| #define HAVE_MALLOC 1
| #define HAVE_STRDUP 1
| #define HAVE_STRSTR 1
| #define HAVE_DB_H 1
| /* end confdefs.h.  */
| #include <stdio.h>
| 		   #include <db.h>
| int
| main ()
| {
| DB *bdb; bdb->open(bdb, NULL, NULL, DB_BTREE, 0, 0);
|   ;
|   return 0;
| }
configure:13334: result: no
configure:13342: checking for BDB DB->close with 2 arguments
configure:13366: gcc -o conftest -g -O2 -I/opt/local/include/db44  -L/opt/local/lib/db44  conftest.c -ldb  >&5
conftest.c: In function 'main':
conftest.c:34: error: too many arguments to function 'bdb->close'
configure:13373: $? = 1
configure: failed program was:
| /* confdefs.h.  */
| #define PACKAGE_NAME "libtmrm"
| #define PACKAGE_TARNAME "libtmrm"
| #define PACKAGE_VERSION "0.0.3"
| #define PACKAGE_STRING "libtmrm 0.0.3"
| #define PACKAGE_BUGREPORT "jans@ravn.no"
| #define PACKAGE "libtmrm"
| #define VERSION "0.0.3"
| #define STDC_HEADERS 1
| #define HAVE_SYS_TYPES_H 1
| #define HAVE_SYS_STAT_H 1
| #define HAVE_STDLIB_H 1
| #define HAVE_STRING_H 1
| #define HAVE_MEMORY_H 1
| #define HAVE_STRINGS_H 1
| #define HAVE_INTTYPES_H 1
| #define HAVE_STDINT_H 1
| #define HAVE_UNISTD_H 1
| #define HAVE_DLFCN_H 1
| #define LT_OBJDIR ".libs/"
| #define STDC_HEADERS 1
| #define HAVE_MEMSET 1
| #define HAVE_STDLIB_H 1
| #define HAVE_MALLOC 1
| #define HAVE_STRDUP 1
| #define HAVE_STRSTR 1
| #define HAVE_DB_H 1
| /* end confdefs.h.  */
| #include <stdio.h>
| 		   #include <db.h>
| int
| main ()
| {
| DB *bdb; bdb->close(bdb, 0);
|   ;
|   return 0;
| }
configure:13392: result: no
configure:13400: checking for BDB DB->fd with 2 arguments
configure:13424: gcc -o conftest -g -O2 -I/opt/local/include/db44  -L/opt/local/lib/db44  conftest.c -ldb  >&5
conftest.c: In function 'main':
conftest.c:34: error: too many arguments to function 'bdb->fd'
configure:13431: $? = 1
configure: failed program was:
| /* confdefs.h.  */
| #define PACKAGE_NAME "libtmrm"
| #define PACKAGE_TARNAME "libtmrm"
| #define PACKAGE_VERSION "0.0.3"
| #define PACKAGE_STRING "libtmrm 0.0.3"
| #define PACKAGE_BUGREPORT "jans@ravn.no"
| #define PACKAGE "libtmrm"
| #define VERSION "0.0.3"
| #define STDC_HEADERS 1
| #define HAVE_SYS_TYPES_H 1
| #define HAVE_SYS_STAT_H 1
| #define HAVE_STDLIB_H 1
| #define HAVE_STRING_H 1
| #define HAVE_MEMORY_H 1
| #define HAVE_STRINGS_H 1
| #define HAVE_INTTYPES_H 1
| #define HAVE_STDINT_H 1
| #define HAVE_UNISTD_H 1
| #define HAVE_DLFCN_H 1
| #define LT_OBJDIR ".libs/"
| #define STDC_HEADERS 1
| #define HAVE_MEMSET 1
| #define HAVE_STDLIB_H 1
| #define HAVE_MALLOC 1
| #define HAVE_STRDUP 1
| #define HAVE_STRSTR 1
| #define HAVE_DB_H 1
| /* end confdefs.h.  */
| #include <stdio.h>
| 		   #include <db.h>
| int
| main ()
| {
| DB *bdb; bdb->fd(bdb, 0);
|   ;
|   return 0;
| }
configure:13450: result: no
configure:13458: checking for BDB DB->set_flags
configure:13482: gcc -o conftest -g -O2 -I/opt/local/include/db44  -L/opt/local/lib/db44  conftest.c -ldb  >&5
conftest.c: In function 'main':
conftest.c:34: error: 'struct __db' has no member named 'set_flags'
configure:13489: $? = 1
configure: failed program was:
| /* confdefs.h.  */
| #define PACKAGE_NAME "libtmrm"
| #define PACKAGE_TARNAME "libtmrm"
| #define PACKAGE_VERSION "0.0.3"
| #define PACKAGE_STRING "libtmrm 0.0.3"
| #define PACKAGE_BUGREPORT "jans@ravn.no"
| #define PACKAGE "libtmrm"
| #define VERSION "0.0.3"
| #define STDC_HEADERS 1
| #define HAVE_SYS_TYPES_H 1
| #define HAVE_SYS_STAT_H 1
| #define HAVE_STDLIB_H 1
| #define HAVE_STRING_H 1
| #define HAVE_MEMORY_H 1
| #define HAVE_STRINGS_H 1
| #define HAVE_INTTYPES_H 1
| #define HAVE_STDINT_H 1
| #define HAVE_UNISTD_H 1
| #define HAVE_DLFCN_H 1
| #define LT_OBJDIR ".libs/"
| #define STDC_HEADERS 1
| #define HAVE_MEMSET 1
| #define HAVE_STDLIB_H 1
| #define HAVE_MALLOC 1
| #define HAVE_STRDUP 1
| #define HAVE_STRSTR 1
| #define HAVE_DB_H 1
| /* end confdefs.h.  */
| #include <stdio.h>
| 		   #include <db.h>
| int
| main ()
| {
| DB *bdb; bdb->set_flags(bdb, 0);
|   ;
|   return 0;
| }
configure:13508: result: no
configure:13516: checking for BDB V4.1+ DB->open with 7 arguments
configure:13540: gcc -o conftest -g -O2 -I/opt/local/include/db44  -L/opt/local/lib/db44  conftest.c -ldb  >&5
conftest.c: In function 'main':
conftest.c:34: error: 'struct __db' has no member named 'open'
configure:13547: $? = 1
configure: failed program was:
| /* confdefs.h.  */
| #define PACKAGE_NAME "libtmrm"
| #define PACKAGE_TARNAME "libtmrm"
| #define PACKAGE_VERSION "0.0.3"
| #define PACKAGE_STRING "libtmrm 0.0.3"
| #define PACKAGE_BUGREPORT "jans@ravn.no"
| #define PACKAGE "libtmrm"
| #define VERSION "0.0.3"
| #define STDC_HEADERS 1
| #define HAVE_SYS_TYPES_H 1
| #define HAVE_SYS_STAT_H 1
| #define HAVE_STDLIB_H 1
| #define HAVE_STRING_H 1
| #define HAVE_MEMORY_H 1
| #define HAVE_STRINGS_H 1
| #define HAVE_INTTYPES_H 1
| #define HAVE_STDINT_H 1
| #define HAVE_UNISTD_H 1
| #define HAVE_DLFCN_H 1
| #define LT_OBJDIR ".libs/"
| #define STDC_HEADERS 1
| #define HAVE_MEMSET 1
| #define HAVE_STDLIB_H 1
| #define HAVE_MALLOC 1
| #define HAVE_STRDUP 1
| #define HAVE_STRSTR 1
| #define HAVE_DB_H 1
| /* end confdefs.h.  */
| #include <stdio.h>
| 		   #include <db.h>
| int
| main ()
| {
| DB *bdb; bdb->open(bdb, NULL, NULL, NULL, DB_BTREE, 0, 0);
|   ;
|   return 0;
| }
configure:13567: result: no
configure:13575: checking whether DB_TXN defined in db.h
configure:13599: gcc -o conftest -g -O2 -I/opt/local/include/db44  -L/opt/local/lib/db44  conftest.c -ldb  >&5
conftest.c: In function 'main':
conftest.c:34: error: 'ptr' undeclared (first use in this function)
conftest.c:34: error: (Each undeclared identifier is reported only once
conftest.c:34: error: for each function it appears in.)
conftest.c:34: error: syntax error before ')' token
configure:13606: $? = 1
configure: failed program was:
| /* confdefs.h.  */
| #define PACKAGE_NAME "libtmrm"
| #define PACKAGE_TARNAME "libtmrm"
| #define PACKAGE_VERSION "0.0.3"
| #define PACKAGE_STRING "libtmrm 0.0.3"
| #define PACKAGE_BUGREPORT "jans@ravn.no"
| #define PACKAGE "libtmrm"
| #define VERSION "0.0.3"
| #define STDC_HEADERS 1
| #define HAVE_SYS_TYPES_H 1
| #define HAVE_SYS_STAT_H 1
| #define HAVE_STDLIB_H 1
| #define HAVE_STRING_H 1
| #define HAVE_MEMORY_H 1
| #define HAVE_STRINGS_H 1
| #define HAVE_INTTYPES_H 1
| #define HAVE_STDINT_H 1
| #define HAVE_UNISTD_H 1
| #define HAVE_DLFCN_H 1
| #define LT_OBJDIR ".libs/"
| #define STDC_HEADERS 1
| #define HAVE_MEMSET 1
| #define HAVE_STDLIB_H 1
| #define HAVE_MALLOC 1
| #define HAVE_STRDUP 1
| #define HAVE_STRSTR 1
| #define HAVE_DB_H 1
| /* end confdefs.h.  */
| #include <stdio.h>
| 		   #include <db.h>
| int
| main ()
| {
| DB_TXN* ptr=(DB_TXN*)NULL
|   ;
|   return 0;
| }
configure:13625: result: no
configure:13632: checking whether DBC defined in db.h
configure:13655: gcc -o conftest -g -O2 -I/opt/local/include/db44  -L/opt/local/lib/db44  conftest.c -ldb  >&5
conftest.c: In function 'main':
conftest.c:33: error: 'DBC' undeclared (first use in this function)
conftest.c:33: error: (Each undeclared identifier is reported only once
conftest.c:33: error: for each function it appears in.)
configure:13662: $? = 1
configure: failed program was:
| /* confdefs.h.  */
| #define PACKAGE_NAME "libtmrm"
| #define PACKAGE_TARNAME "libtmrm"
| #define PACKAGE_VERSION "0.0.3"
| #define PACKAGE_STRING "libtmrm 0.0.3"
| #define PACKAGE_BUGREPORT "jans@ravn.no"
| #define PACKAGE "libtmrm"
| #define VERSION "0.0.3"
| #define STDC_HEADERS 1
| #define HAVE_SYS_TYPES_H 1
| #define HAVE_SYS_STAT_H 1
| #define HAVE_STDLIB_H 1
| #define HAVE_STRING_H 1
| #define HAVE_MEMORY_H 1
| #define HAVE_STRINGS_H 1
| #define HAVE_INTTYPES_H 1
| #define HAVE_STDINT_H 1
| #define HAVE_UNISTD_H 1
| #define HAVE_DLFCN_H 1
| #define LT_OBJDIR ".libs/"
| #define STDC_HEADERS 1
| #define HAVE_MEMSET 1
| #define HAVE_STDLIB_H 1
| #define HAVE_MALLOC 1
| #define HAVE_STRDUP 1
| #define HAVE_STRSTR 1
| #define HAVE_DB_H 1
| /* end confdefs.h.  */
| #include <db.h>
| int
| main ()
| {
| size_t len=sizeof(DBC)
|   ;
|   return 0;
| }
configure:13681: result: no
configure:13688: checking number of arguments to db_cursor
configure:13712: gcc -o conftest -g -O2 -I/opt/local/include/db44  -L/opt/local/lib/db44  conftest.c -ldb  >&5
conftest.c: In function 'main':
conftest.c:34: error: 'struct __db' has no member named 'cursor'
configure:13719: $? = 1
configure: failed program was:
| /* confdefs.h.  */
| #define PACKAGE_NAME "libtmrm"
| #define PACKAGE_TARNAME "libtmrm"
| #define PACKAGE_VERSION "0.0.3"
| #define PACKAGE_STRING "libtmrm 0.0.3"
| #define PACKAGE_BUGREPORT "jans@ravn.no"
| #define PACKAGE "libtmrm"
| #define VERSION "0.0.3"
| #define STDC_HEADERS 1
| #define HAVE_SYS_TYPES_H 1
| #define HAVE_SYS_STAT_H 1
| #define HAVE_STDLIB_H 1
| #define HAVE_STRING_H 1
| #define HAVE_MEMORY_H 1
| #define HAVE_STRINGS_H 1
| #define HAVE_INTTYPES_H 1
| #define HAVE_STDINT_H 1
| #define HAVE_UNISTD_H 1
| #define HAVE_DLFCN_H 1
| #define LT_OBJDIR ".libs/"
| #define STDC_HEADERS 1
| #define HAVE_MEMSET 1
| #define HAVE_STDLIB_H 1
| #define HAVE_MALLOC 1
| #define HAVE_STRDUP 1
| #define HAVE_STRSTR 1
| #define HAVE_DB_H 1
| /* end confdefs.h.  */
| #include <stdio.h>
| 		   #include <db.h>
| int
| main ()
| {
| DB* db; db->cursor(db, NULL, NULL, 0);
|   ;
|   return 0;
| }
configure:13738: result: 3
configure:13762: checking for ANSI C header files
configure:13930: result: yes
configure:13967: checking errno.h usability
configure:13984: gcc -c -g -O2  conftest.c >&5
configure:13991: $? = 0
configure:14005: result: yes
configure:14009: checking errno.h presence
configure:14024: gcc -E  conftest.c
configure:14031: $? = 0
configure:14045: result: yes
configure:14078: checking for errno.h
configure:14087: result: yes
configure:13956: checking for stdlib.h
configure:13963: result: yes
configure:13956: checking for unistd.h
configure:13963: result: yes
configure:13956: checking for string.h
configure:13963: result: yes
configure:13967: checking fcntl.h usability
configure:13984: gcc -c -g -O2  conftest.c >&5
configure:13991: $? = 0
configure:14005: result: yes
configure:14009: checking fcntl.h presence
configure:14024: gcc -E  conftest.c
configure:14031: $? = 0
configure:14045: result: yes
configure:14078: checking for fcntl.h
configure:14087: result: yes
configure:13967: checking dmalloc.h usability
configure:13984: gcc -c -g -O2  conftest.c >&5
conftest.c:68:21: error: dmalloc.h: No such file or directory
configure:13991: $? = 1
configure: failed program was:
| /* confdefs.h.  */
| #define PACKAGE_NAME "libtmrm"
| #define PACKAGE_TARNAME "libtmrm"
| #define PACKAGE_VERSION "0.0.3"
| #define PACKAGE_STRING "libtmrm 0.0.3"
| #define PACKAGE_BUGREPORT "jans@ravn.no"
| #define PACKAGE "libtmrm"
| #define VERSION "0.0.3"
| #define STDC_HEADERS 1
| #define HAVE_SYS_TYPES_H 1
| #define HAVE_SYS_STAT_H 1
| #define HAVE_STDLIB_H 1
| #define HAVE_STRING_H 1
| #define HAVE_MEMORY_H 1
| #define HAVE_STRINGS_H 1
| #define HAVE_INTTYPES_H 1
| #define HAVE_STDINT_H 1
| #define HAVE_UNISTD_H 1
| #define HAVE_DLFCN_H 1
| #define LT_OBJDIR ".libs/"
| #define STDC_HEADERS 1
| #define HAVE_MEMSET 1
| #define HAVE_STDLIB_H 1
| #define HAVE_MALLOC 1
| #define HAVE_STRDUP 1
| #define HAVE_STRSTR 1
| #define HAVE_DB_H 1
| #define STDC_HEADERS 1
| #define HAVE_ERRNO_H 1
| #define HAVE_STDLIB_H 1
| #define HAVE_UNISTD_H 1
| #define HAVE_STRING_H 1
| #define HAVE_FCNTL_H 1
| /* end confdefs.h.  */
| #include <stdio.h>
| #ifdef HAVE_SYS_TYPES_H
| # include <sys/types.h>
| #endif
| #ifdef HAVE_SYS_STAT_H
| # include <sys/stat.h>
| #endif
| #ifdef STDC_HEADERS
| # include <stdlib.h>
| # include <stddef.h>
| #else
| # ifdef HAVE_STDLIB_H
| #  include <stdlib.h>
| # endif
| #endif
| #ifdef HAVE_STRING_H
| # if !defined STDC_HEADERS && defined HAVE_MEMORY_H
| #  include <memory.h>
| # endif
| # include <string.h>
| #endif
| #ifdef HAVE_STRINGS_H
| # include <strings.h>
| #endif
| #ifdef HAVE_INTTYPES_H
| # include <inttypes.h>
| #endif
| #ifdef HAVE_STDINT_H
| # include <stdint.h>
| #endif
| #ifdef HAVE_UNISTD_H
| # include <unistd.h>
| #endif
| #include <dmalloc.h>
configure:14005: result: no
configure:14009: checking dmalloc.h presence
configure:14024: gcc -E  conftest.c
conftest.c:35:21: error: dmalloc.h: No such file or directory
configure:14031: $? = 1
configure: failed program was:
| /* confdefs.h.  */
| #define PACKAGE_NAME "libtmrm"
| #define PACKAGE_TARNAME "libtmrm"
| #define PACKAGE_VERSION "0.0.3"
| #define PACKAGE_STRING "libtmrm 0.0.3"
| #define PACKAGE_BUGREPORT "jans@ravn.no"
| #define PACKAGE "libtmrm"
| #define VERSION "0.0.3"
| #define STDC_HEADERS 1
| #define HAVE_SYS_TYPES_H 1
| #define HAVE_SYS_STAT_H 1
| #define HAVE_STDLIB_H 1
| #define HAVE_STRING_H 1
| #define HAVE_MEMORY_H 1
| #define HAVE_STRINGS_H 1
| #define HAVE_INTTYPES_H 1
| #define HAVE_STDINT_H 1
| #define HAVE_UNISTD_H 1
| #define HAVE_DLFCN_H 1
| #define LT_OBJDIR ".libs/"
| #define STDC_HEADERS 1
| #define HAVE_MEMSET 1
| #define HAVE_STDLIB_H 1
| #define HAVE_MALLOC 1
| #define HAVE_STRDUP 1
| #define HAVE_STRSTR 1
| #define HAVE_DB_H 1
| #define STDC_HEADERS 1
| #define HAVE_ERRNO_H 1
| #define HAVE_STDLIB_H 1
| #define HAVE_UNISTD_H 1
| #define HAVE_STRING_H 1
| #define HAVE_FCNTL_H 1
| /* end confdefs.h.  */
| #include <dmalloc.h>
configure:14045: result: no
configure:14078: checking for dmalloc.h
configure:14087: result: no
configure:13967: checking time.h usability
configure:13984: gcc -c -g -O2  conftest.c >&5
configure:13991: $? = 0
configure:14005: result: yes
configure:14009: checking time.h presence
configure:14024: gcc -E  conftest.c
configure:14031: $? = 0
configure:14045: result: yes
configure:14078: checking for time.h
configure:14087: result: yes
configure:13967: checking sys/time.h usability
configure:13984: gcc -c -g -O2  conftest.c >&5
configure:13991: $? = 0
configure:14005: result: yes
configure:14009: checking sys/time.h presence
configure:14024: gcc -E  conftest.c
configure:14031: $? = 0
configure:14045: result: yes
configure:14078: checking for sys/time.h
configure:14087: result: yes
configure:13956: checking for sys/stat.h
configure:13963: result: yes
configure:13967: checking getopt.h usability
configure:13984: gcc -c -g -O2  conftest.c >&5
configure:13991: $? = 0
configure:14005: result: yes
configure:14009: checking getopt.h presence
configure:14024: gcc -E  conftest.c
configure:14031: $? = 0
configure:14045: result: yes
configure:14078: checking for getopt.h
configure:14087: result: yes
configure:13967: checking limits.h usability
configure:13984: gcc -c -g -O2  conftest.c >&5
configure:13991: $? = 0
configure:14005: result: yes
configure:14009: checking limits.h presence
configure:14024: gcc -E  conftest.c
configure:14031: $? = 0
configure:14045: result: yes
configure:14078: checking for limits.h
configure:14087: result: yes
configure:13967: checking malloc.h usability
configure:13984: gcc -c -g -O2  conftest.c >&5
conftest.c:73:20: error: malloc.h: No such file or directory
configure:13991: $? = 1
configure: failed program was:
| /* confdefs.h.  */
| #define PACKAGE_NAME "libtmrm"
| #define PACKAGE_TARNAME "libtmrm"
| #define PACKAGE_VERSION "0.0.3"
| #define PACKAGE_STRING "libtmrm 0.0.3"
| #define PACKAGE_BUGREPORT "jans@ravn.no"
| #define PACKAGE "libtmrm"
| #define VERSION "0.0.3"
| #define STDC_HEADERS 1
| #define HAVE_SYS_TYPES_H 1
| #define HAVE_SYS_STAT_H 1
| #define HAVE_STDLIB_H 1
| #define HAVE_STRING_H 1
| #define HAVE_MEMORY_H 1
| #define HAVE_STRINGS_H 1
| #define HAVE_INTTYPES_H 1
| #define HAVE_STDINT_H 1
| #define HAVE_UNISTD_H 1
| #define HAVE_DLFCN_H 1
| #define LT_OBJDIR ".libs/"
| #define STDC_HEADERS 1
| #define HAVE_MEMSET 1
| #define HAVE_STDLIB_H 1
| #define HAVE_MALLOC 1
| #define HAVE_STRDUP 1
| #define HAVE_STRSTR 1
| #define HAVE_DB_H 1
| #define STDC_HEADERS 1
| #define HAVE_ERRNO_H 1
| #define HAVE_STDLIB_H 1
| #define HAVE_UNISTD_H 1
| #define HAVE_STRING_H 1
| #define HAVE_FCNTL_H 1
| #define HAVE_TIME_H 1
| #define HAVE_SYS_TIME_H 1
| #define HAVE_SYS_STAT_H 1
| #define HAVE_GETOPT_H 1
| #define HAVE_LIMITS_H 1
| /* end confdefs.h.  */
| #include <stdio.h>
| #ifdef HAVE_SYS_TYPES_H
| # include <sys/types.h>
| #endif
| #ifdef HAVE_SYS_STAT_H
| # include <sys/stat.h>
| #endif
| #ifdef STDC_HEADERS
| # include <stdlib.h>
| # include <stddef.h>
| #else
| # ifdef HAVE_STDLIB_H
| #  include <stdlib.h>
| # endif
| #endif
| #ifdef HAVE_STRING_H
| # if !defined STDC_HEADERS && defined HAVE_MEMORY_H
| #  include <memory.h>
| # endif
| # include <string.h>
| #endif
| #ifdef HAVE_STRINGS_H
| # include <strings.h>
| #endif
| #ifdef HAVE_INTTYPES_H
| # include <inttypes.h>
| #endif
| #ifdef HAVE_STDINT_H
| # include <stdint.h>
| #endif
| #ifdef HAVE_UNISTD_H
| # include <unistd.h>
| #endif
| #include <malloc.h>
configure:14005: result: no
configure:14009: checking malloc.h presence
configure:14024: gcc -E  conftest.c
conftest.c:40:20: error: malloc.h: No such file or directory
configure:14031: $? = 1
configure: failed program was:
| /* confdefs.h.  */
| #define PACKAGE_NAME "libtmrm"
| #define PACKAGE_TARNAME "libtmrm"
| #define PACKAGE_VERSION "0.0.3"
| #define PACKAGE_STRING "libtmrm 0.0.3"
| #define PACKAGE_BUGREPORT "jans@ravn.no"
| #define PACKAGE "libtmrm"
| #define VERSION "0.0.3"
| #define STDC_HEADERS 1
| #define HAVE_SYS_TYPES_H 1
| #define HAVE_SYS_STAT_H 1
| #define HAVE_STDLIB_H 1
| #define HAVE_STRING_H 1
| #define HAVE_MEMORY_H 1
| #define HAVE_STRINGS_H 1
| #define HAVE_INTTYPES_H 1
| #define HAVE_STDINT_H 1
| #define HAVE_UNISTD_H 1
| #define HAVE_DLFCN_H 1
| #define LT_OBJDIR ".libs/"
| #define STDC_HEADERS 1
| #define HAVE_MEMSET 1
| #define HAVE_STDLIB_H 1
| #define HAVE_MALLOC 1
| #define HAVE_STRDUP 1
| #define HAVE_STRSTR 1
| #define HAVE_DB_H 1
| #define STDC_HEADERS 1
| #define HAVE_ERRNO_H 1
| #define HAVE_STDLIB_H 1
| #define HAVE_UNISTD_H 1
| #define HAVE_STRING_H 1
| #define HAVE_FCNTL_H 1
| #define HAVE_TIME_H 1
| #define HAVE_SYS_TIME_H 1
| #define HAVE_SYS_STAT_H 1
| #define HAVE_GETOPT_H 1
| #define HAVE_LIMITS_H 1
| /* end confdefs.h.  */
| #include <malloc.h>
configure:14045: result: no
configure:14078: checking for malloc.h
configure:14087: result: no
configure:14102: checking whether time.h and sys/time.h may both be included
configure:14132: gcc -c -g -O2  conftest.c >&5
configure:14139: $? = 0
configure:14154: result: yes
configure:14165: checking for an ANSI C-conforming const
configure:14240: gcc -c -g -O2  conftest.c >&5
configure:14247: $? = 0
configure:14262: result: yes
configure:14273: checking whether byte ordering is bigendian
configure:14298: gcc -c -g -O2  conftest.c >&5
configure:14305: $? = 0
configure:14355: gcc -c -g -O2  conftest.c >&5
configure:14362: $? = 0
configure:14394: gcc -c -g -O2  conftest.c >&5
conftest.c: In function 'main':
conftest.c:48: error: 'not' undeclared (first use in this function)
conftest.c:48: error: (Each undeclared identifier is reported only once
conftest.c:48: error: for each function it appears in.)
conftest.c:48: error: syntax error before 'big'
configure:14401: $? = 1
configure: failed program was:
| /* confdefs.h.  */
| #define PACKAGE_NAME "libtmrm"
| #define PACKAGE_TARNAME "libtmrm"
| #define PACKAGE_VERSION "0.0.3"
| #define PACKAGE_STRING "libtmrm 0.0.3"
| #define PACKAGE_BUGREPORT "jans@ravn.no"
| #define PACKAGE "libtmrm"
| #define VERSION "0.0.3"
| #define STDC_HEADERS 1
| #define HAVE_SYS_TYPES_H 1
| #define HAVE_SYS_STAT_H 1
| #define HAVE_STDLIB_H 1
| #define HAVE_STRING_H 1
| #define HAVE_MEMORY_H 1
| #define HAVE_STRINGS_H 1
| #define HAVE_INTTYPES_H 1
| #define HAVE_STDINT_H 1
| #define HAVE_UNISTD_H 1
| #define HAVE_DLFCN_H 1
| #define LT_OBJDIR ".libs/"
| #define STDC_HEADERS 1
| #define HAVE_MEMSET 1
| #define HAVE_STDLIB_H 1
| #define HAVE_MALLOC 1
| #define HAVE_STRDUP 1
| #define HAVE_STRSTR 1
| #define HAVE_DB_H 1
| #define STDC_HEADERS 1
| #define HAVE_ERRNO_H 1
| #define HAVE_STDLIB_H 1
| #define HAVE_UNISTD_H 1
| #define HAVE_STRING_H 1
| #define HAVE_FCNTL_H 1
| #define HAVE_TIME_H 1
| #define HAVE_SYS_TIME_H 1
| #define HAVE_SYS_STAT_H 1
| #define HAVE_GETOPT_H 1
| #define HAVE_LIMITS_H 1
| #define TIME_WITH_SYS_TIME 1
| /* end confdefs.h.  */
| #include <sys/types.h>
| 		#include <sys/param.h>
| 
| int
| main ()
| {
| #if BYTE_ORDER != BIG_ENDIAN
| 		 not big endian
| 		#endif
| 
|   ;
|   return 0;
| }
configure:14653: result: no
configure:14682: checking for bdb hash support
configure:14695: result: no
configure:14718: checking for LibYAML version >= 0.1.1
configure:14757: checking yaml.h usability
configure:14774: gcc -c -g -O2  -I/opt/local/include conftest.c >&5
configure:14781: $? = 0
configure:14795: result: yes
configure:14799: checking yaml.h presence
configure:14814: gcc -E  -I/opt/local/include conftest.c
configure:14821: $? = 0
configure:14835: result: yes
configure:14868: checking for yaml.h
configure:14877: result: yes
configure:14930: gcc -o conftest -g -O2  -I/opt/local/include  -L/opt/local/lib -Wl,-rpath,/opt/local/lib -lyaml conftest.c  >&5
configure:14934: $? = 0
configure:14940: ./conftest
configure:14944: $? = 0
configure:14976: result: /opt/local
configure:15047: checking for pg_config
configure:15063: found /opt/local/lib/postgresql83/bin/pg_config
configure:15074: result: pg_config
configure:15087: checking for postgresql library
configure:15094: result: yes - version 8.3.5
configure:15114: checking libpq-fe.h usability
configure:15131: gcc -c -g -O2  -I/opt/local/include/postgresql83 conftest.c >&5
configure:15138: $? = 0
configure:15152: result: yes
configure:15156: checking libpq-fe.h presence
configure:15171: gcc -E  -I/opt/local/include/postgresql83 conftest.c
configure:15178: $? = 0
configure:15192: result: yes
configure:15225: checking for libpq-fe.h
configure:15234: result: yes
configure:15279: checking storages required
configure:15288: result: all
configure:15522: creating ./config.status
configure:17745: WARNING: unrecognized options: --enable-ltdl-install
configure:17752: result:
libtmrm build summary:

configure:17761: result:
  Berkeley/Sleepycat DB    : Missing
  Backend stores available : postgresql(8.3.5)
  Backend stores enabled   : postgresql


## ---------------- ##
## Cache variables. ##
## ---------------- ##

ac_cv_build=i386-apple-darwin9.6.0
ac_cv_c_bigendian=no
ac_cv_c_compiler_gnu=yes
ac_cv_c_const=yes
ac_cv_c_uint32_t=yes
ac_cv_env_CC_set=
ac_cv_env_CC_value=
ac_cv_env_CFLAGS_set=
ac_cv_env_CFLAGS_value=
ac_cv_env_CHECK_CFLAGS_set=
ac_cv_env_CHECK_CFLAGS_value=
ac_cv_env_CHECK_LIBS_set=
ac_cv_env_CHECK_LIBS_value=
ac_cv_env_CPPFLAGS_set=
ac_cv_env_CPPFLAGS_value=
ac_cv_env_CPP_set=
ac_cv_env_CPP_value=
ac_cv_env_LDFLAGS_set=
ac_cv_env_LDFLAGS_value=
ac_cv_env_LIBS_set=
ac_cv_env_LIBS_value=
ac_cv_env_PKG_CONFIG_set=
ac_cv_env_PKG_CONFIG_value=
ac_cv_env_build_alias_set=
ac_cv_env_build_alias_value=
ac_cv_env_host_alias_set=
ac_cv_env_host_alias_value=
ac_cv_env_target_alias_set=
ac_cv_env_target_alias_value=
ac_cv_func_malloc_0_nonnull=yes
ac_cv_func_memset=yes
ac_cv_func_strdup=yes
ac_cv_func_strstr=yes
ac_cv_header_db_h=yes
ac_cv_header_dlfcn_h=yes
ac_cv_header_dmalloc_h=no
ac_cv_header_errno_h=yes
ac_cv_header_fcntl_h=yes
ac_cv_header_getopt_h=yes
ac_cv_header_inttypes_h=yes
ac_cv_header_libpq_fe_h=yes
ac_cv_header_limits_h=yes
ac_cv_header_malloc_h=no
ac_cv_header_memory_h=yes
ac_cv_header_stdc=yes
ac_cv_header_stdint_h=yes
ac_cv_header_stdlib_h=yes
ac_cv_header_string_h=yes
ac_cv_header_strings_h=yes
ac_cv_header_sys_stat_h=yes
ac_cv_header_sys_time_h=yes
ac_cv_header_sys_types_h=yes
ac_cv_header_time=yes
ac_cv_header_time_h=yes
ac_cv_header_unistd_h=yes
ac_cv_header_yaml_h=yes
ac_cv_host=i386-apple-darwin9.6.0
ac_cv_lib_dl_dlopen=no
ac_cv_objext=o
ac_cv_path_EGREP='/usr/bin/grep -E'
ac_cv_path_FGREP='/usr/bin/grep -F'
ac_cv_path_GREP=/usr/bin/grep
ac_cv_path_SED=/usr/bin/sed
ac_cv_path_ac_pt_PKG_CONFIG=/opt/local/bin/pkg-config
ac_cv_path_install='/opt/local/bin/ginstall -c'
ac_cv_path_mkdir=/opt/local/bin/gmkdir
ac_cv_prog_AWK=gawk
ac_cv_prog_CPP='gcc -E'
ac_cv_prog_PG_CONFIG=pg_config
ac_cv_prog_TAR=gnutar
ac_cv_prog_ac_ct_AR=ar
ac_cv_prog_ac_ct_CC=gcc
ac_cv_prog_ac_ct_DSYMUTIL=dsymutil
ac_cv_prog_ac_ct_LIPO=lipo
ac_cv_prog_ac_ct_NMEDIT=nmedit
ac_cv_prog_ac_ct_OTOOL=otool
ac_cv_prog_ac_ct_RANLIB=ranlib
ac_cv_prog_ac_ct_STRIP=strip
ac_cv_prog_cc_c89=
ac_cv_prog_cc_g=yes
ac_cv_prog_cc_gcc_c_o=yes
ac_cv_prog_make_make_set=yes
ac_cv_type_size_t=yes
am_cv_CC_dependencies_compiler_type=gcc3
am_cv_prog_cc_stdc=
lt_cv_apple_cc_single_mod=yes
lt_cv_deplibs_check_method=pass_all
lt_cv_dlopen=dyld
lt_cv_dlopen_libs=
lt_cv_dlopen_self=yes
lt_cv_file_magic_cmd='$MAGIC_CMD'
lt_cv_file_magic_test_file=
lt_cv_ld_exported_symbols_list=yes
lt_cv_ld_reload_flag=-r
lt_cv_nm_interface='BSD nm'
lt_cv_objdir=.libs
lt_cv_path_LD=/usr/libexec/gcc/i686-apple-darwin9/4.0.1/ld
lt_cv_path_NM='/usr/bin/nm -p'
lt_cv_prog_compiler_c_o=yes
lt_cv_prog_compiler_pic_works=yes
lt_cv_prog_compiler_rtti_exceptions=no
lt_cv_prog_compiler_static_works=no
lt_cv_prog_gnu_ld=no
lt_cv_sys_global_symbol_pipe='sed -n -e '\''s/^.*[	 ]\([BCDEGRST][BCDEGRST]*\)[	 ][	 ]*_\([_A-Za-z][_A-Za-z0-9]*\)$/\1 _\2 \2/p'\'''
lt_cv_sys_global_symbol_to_c_name_address='sed -n -e '\''s/^: \([^ ]*\) $/  {\"\1\", (void *) 0},/p'\'' -e '\''s/^[BCDEGRST]* \([^ ]*\) \([^ ]*\)$/  {"\2", (void *) \&\2},/p'\'''
lt_cv_sys_global_symbol_to_c_name_address_lib_prefix='sed -n -e '\''s/^: \([^ ]*\) $/  {\"\1\", (void *) 0},/p'\'' -e '\''s/^[BCDEGRST]* \([^ ]*\) \(lib[^ ]*\)$/  {"\2", (void *) \&\2},/p'\'' -e '\''s/^[BCDEGRST]* \([^ ]*\) \([^ ]*\)$/  {"lib\2", (void *) \&\2},/p'\'''
lt_cv_sys_global_symbol_to_cdecl='sed -n -e '\''s/^T .* \(.*\)$/extern int \1();/p'\'' -e '\''s/^[BCDEGRST]* .* \(.*\)$/extern char \1;/p'\'''
lt_cv_sys_max_cmd_len=196608
pkg_cv_CHECK_CFLAGS='-I/opt/local/include  '
pkg_cv_CHECK_LIBS='-L/opt/local/lib -lcheck  '
yaml_cv_path=/opt/local

## ----------------- ##
## Output variables. ##
## ----------------- ##

ACLOCAL='${SHELL} /Users/jans/labben/libtmrm/missing --run aclocal-1.10'
AMDEPBACKSLASH='\'
AMDEP_FALSE='#'
AMDEP_TRUE=''
AMTAR='${SHELL} /Users/jans/labben/libtmrm/missing --run tar'
AR='ar'
AUTOCONF='${SHELL} /Users/jans/labben/libtmrm/missing --run autoconf'
AUTOHEADER='${SHELL} /Users/jans/labben/libtmrm/missing --run autoheader'
AUTOMAKE='${SHELL} /Users/jans/labben/libtmrm/missing --run automake-1.10'
AWK='gawk'
CC='gcc'
CCDEPMODE='depmode=gcc3'
CFLAGS='-g -O2'
CHECK_CFLAGS='-I/opt/local/include  '
CHECK_LIBS='-L/opt/local/lib -lcheck  '
CPP='gcc -E'
CPPFLAGS=' -I/opt/local/include/postgresql83 -I/opt/local/include'
CYGPATH_W='echo'
DEFS='-DHAVE_CONFIG_H'
DEPDIR='.deps'
DISTCHECK_CONFIGURE_FLAGS=' '\''--with-yaml=/opt/local'\'''
DSYMUTIL='dsymutil'
DUMPBIN=''
ECHO_C='\c'
ECHO_N=''
ECHO_T=''
EGREP='/usr/bin/grep -E'
EXEEXT=''
FGREP='/usr/bin/grep -F'
GREP='/usr/bin/grep'
HASH_OBJS=''
HASH_SRCS=''
INCLTDL='-I${top_srcdir}/libltdl'
INSTALL_DATA='${INSTALL} -m 644'
INSTALL_PROGRAM='${INSTALL}'
INSTALL_SCRIPT='${INSTALL}'
INSTALL_STRIP_PROGRAM='$(install_sh) -c -s'
LD='/usr/libexec/gcc/i686-apple-darwin9/4.0.1/ld'
LDFLAGS=' -L/opt/local/lib -lyaml'
LIBLTDL='${top_build_prefix}libltdl/libltdl.la'
LIBOBJS=''
LIBS=' -L/opt/local/lib/postgresql83 -lpq'
LIBTMRM_CPPFLAGS=' -I/opt/local/include/postgresql83 -I/opt/local/include'
LIBTMRM_EXTERNAL_CPPFLAGS=''
LIBTMRM_EXTERNAL_LIBS=''
LIBTMRM_INTERNAL_CPPFLAGS=''
LIBTMRM_INTERNAL_LIBS=''
LIBTMRM_LDFLAGS=''
LIBTMRM_LIBTOOLLIBS='libtmrm.la'
LIBTMRM_LIBTOOL_VERSION='0:0:0'
LIBTMRM_PKGCONFIG_LIBS=''
LIBTOOL='$(SHELL) $(top_builddir)/libtool'
LIPO='lipo'
LN_S='ln -s'
LTDLDEPS='${top_build_prefix}libltdl/libltdl.la'
LTDLINCL='-I${top_srcdir}/libltdl'
LTLIBOBJS=''
MAINT='#'
MAINTAINER_MODE_FALSE=''
MAINTAINER_MODE_TRUE='#'
MAKEINFO='${SHELL} /Users/jans/labben/libtmrm/missing --run makeinfo'
MKDIR_P='/opt/local/bin/gmkdir -p'
NM='/usr/bin/nm -p'
NMEDIT='nmedit'
OBJDUMP='false'
OBJEXT='o'
OTOOL64=':'
OTOOL='otool'
PACKAGE='libtmrm'
PACKAGE_BUGREPORT='jans@ravn.no'
PACKAGE_NAME='libtmrm'
PACKAGE_STRING='libtmrm 0.0.3'
PACKAGE_TARNAME='libtmrm'
PACKAGE_VERSION='0.0.3'
PATH_SEPARATOR=':'
PG_CONFIG='pg_config'
PKG_CONFIG='/opt/local/bin/pkg-config'
POSTGRESQL_CPPFLAGS='-I/opt/local/include/postgresql83'
POSTGRESQL_LIBS='-L/opt/local/lib/postgresql83 -lpq'
RANLIB='ranlib'
SED='/usr/bin/sed'
SET_MAKE=''
SHELL='/bin/sh'
STANDARD_CFLAGS=''
STORAGE_BDB_FALSE=''
STORAGE_BDB_TRUE='#'
STORAGE_POSTGRESQL_FALSE='#'
STORAGE_POSTGRESQL_TRUE=''
STRIP='strip'
TAR='gnutar'
VERSION='0.0.3'
YAML_CPPFLAGS='-I/opt/local/include'
YAML_LDFLAGS='-L/opt/local/lib -lyaml'
abs_top_builddir='/Users/jans/labben/libtmrm'
abs_top_srcdir='/Users/jans/labben/libtmrm'
ac_ct_CC='gcc'
ac_ct_DUMPBIN=''
am__fastdepCC_FALSE='#'
am__fastdepCC_TRUE=''
am__include='include'
am__isrc=''
am__leading_dot='.'
am__quote=''
am__tar='${AMTAR} chof - "$$tardir"'
am__untar='${AMTAR} xf -'
bindir='${exec_prefix}/bin'
build='i386-apple-darwin9.6.0'
build_alias=''
build_cpu='i386'
build_os='darwin9.6.0'
build_vendor='apple'
datadir='${datarootdir}'
datarootdir='${prefix}/share'
docdir='${datarootdir}/doc/${PACKAGE_TARNAME}'
dvidir='${docdir}'
exec_prefix='${prefix}'
host='i386-apple-darwin9.6.0'
host_alias=''
host_cpu='i386'
host_os='darwin9.6.0'
host_vendor='apple'
htmldir='${docdir}'
includedir='${prefix}/include'
infodir='${datarootdir}/info'
install_sh='$(SHELL) /Users/jans/labben/libtmrm/install-sh'
libdir='${exec_prefix}/lib'
libexecdir='${exec_prefix}/libexec'
localedir='${datarootdir}/locale'
localstatedir='${prefix}/var'
lt_ECHO='/bin/echo'
mandir='${datarootdir}/man'
mkdir_p='/opt/local/bin/gmkdir -p'
oldincludedir='/usr/include'
pdfdir='${docdir}'
prefix='/usr/local'
program_transform_name='s,x,x,'
psdir='${docdir}'
sbindir='${exec_prefix}/sbin'
sharedstatedir='${prefix}/com'
sysconfdir='${prefix}/etc'
target_alias=''

## ----------- ##
## confdefs.h. ##
## ----------- ##

#define PACKAGE_NAME "libtmrm"
#define PACKAGE_TARNAME "libtmrm"
#define PACKAGE_VERSION "0.0.3"
#define PACKAGE_STRING "libtmrm 0.0.3"
#define PACKAGE_BUGREPORT "jans@ravn.no"
#define PACKAGE "libtmrm"
#define VERSION "0.0.3"
#define STDC_HEADERS 1
#define HAVE_SYS_TYPES_H 1
#define HAVE_SYS_STAT_H 1
#define HAVE_STDLIB_H 1
#define HAVE_STRING_H 1
#define HAVE_MEMORY_H 1
#define HAVE_STRINGS_H 1
#define HAVE_INTTYPES_H 1
#define HAVE_STDINT_H 1
#define HAVE_UNISTD_H 1
#define HAVE_DLFCN_H 1
#define LT_OBJDIR ".libs/"
#define STDC_HEADERS 1
#define HAVE_MEMSET 1
#define HAVE_STDLIB_H 1
#define HAVE_MALLOC 1
#define HAVE_STRDUP 1
#define HAVE_STRSTR 1
#define HAVE_DB_H 1
#define STDC_HEADERS 1
#define HAVE_ERRNO_H 1
#define HAVE_STDLIB_H 1
#define HAVE_UNISTD_H 1
#define HAVE_STRING_H 1
#define HAVE_FCNTL_H 1
#define HAVE_TIME_H 1
#define HAVE_SYS_TIME_H 1
#define HAVE_SYS_STAT_H 1
#define HAVE_GETOPT_H 1
#define HAVE_LIMITS_H 1
#define TIME_WITH_SYS_TIME 1
#define HAVE_YAML_H 1
#define HAVE_LIBPQ_FE_H 1
#define STORAGE_POSTGRESQL 1

configure: exit 0

## ---------------------- ##
## Running config.status. ##
## ---------------------- ##

This file was extended by libtmrm config.status 0.0.3, which was
generated by GNU Autoconf 2.63.  Invocation command line was

  CONFIG_FILES    = 
  CONFIG_HEADERS  = 
  CONFIG_LINKS    = 
  CONFIG_COMMANDS = 
  $ ./config.status 

on Jans-MacBook-5.local

config.status:1037: creating Makefile
config.status:1037: creating src/Makefile
config.status:1037: creating tests/Makefile
config.status:1037: creating src/libtmrm_config.h
config.status:1311: executing depfiles commands
config.status:1311: executing libtool commands
